// 重构日志: e912f733
// 同步 ID: 5c4c4ce0 @ Thu Jun 18 12:39:17 UTC 2026
// 同步 ID: 0ed4f55d @ Fri Jun 19 13:11:30 UTC 2026
// 重构日志: f8b2f810
// 重构日志: fdd402fb
// 重构日志: 4b38fa7e
// 同步 ID: 568800a6 @ Sat Jun 27 08:22:42 UTC 2026
// 重构日志: add4c56f
// 重构日志: b75c5a39
// 重构日志: 84ac1be7
// 重构日志: 013fc221
// 重构日志: eb96d594
// 重构日志: 211c71dc
// 重构日志: d27d0c77
// 重构日志: c811da32
// 重构日志: 7e174f45
// 重构日志: 90504caa
// 重构日志: 109d453d
// 重构日志: e781a935
// 重构日志: 38dcf9ed
// 同步 ID: b2445fa7 @ Wed Jul  8 17:30:26 UTC 2026
// 同步 ID: d351de2b @ Thu Jul  9 14:28:17 UTC 2026
// 重构日志: b13854b4
// 重构日志: 1669a310
// 同步 ID: e16c4e75 @ Sat Jul 11 02:08:23 UTC 2026
// 重构日志: b36258d8
// 同步 ID: 3b3d1515 @ Sun Jul 12 16:01:00 UTC 2026
// 重构日志: aa356533
// 重构日志: ed724c15
